#
# There is insufficient memory for the Java Runtime Environment to continue.
# Native memory allocation (malloc) failed to allocate 1048576 bytes for AllocateHeap
# Possible reasons:
#   The system is out of physical RAM or swap space
#   The process is running with CompressedOops enabled, and the Java Heap may be blocking the growth of the native heap
# Possible solutions:
#   Reduce memory load on the system
#   Increase physical memory or swap space
#   Check if swap backing store is full
#   Decrease Java heap size (-Xmx/-Xms)
#   Decrease number of Java threads
#   Decrease Java thread stack sizes (-Xss)
#   Set larger code cache with -XX:ReservedCodeCacheSize=
#   JVM is running with Unscaled Compressed Oops mode in which the Java heap is
#     placed in the first 4GB address space. The Java Heap base address is the
#     maximum limit for the native heap growth. Please use -XX:HeapBaseMinAddress
#     to set the Java Heap base and to place the Java Heap above 4GB virtual address.
# This output file may be truncated or incomplete.
#
#  Out of Memory Error (memory/allocation.inline.hpp:61), pid=10676, tid=0x000000000000191c
#
# JRE version:  (8.0_202-b03) (build )
# Java VM: OpenJDK 64-Bit Server VM (25.202-b03 mixed mode windows-amd64 compressed oops)
# Failed to write core dump. Minidumps are not enabled by default on client versions of Windows
#

---------------  T H R E A D  ---------------

Current thread (0x0000000002925800):  JavaThread "Unknown thread" [_thread_in_vm, id=6428, stack(0x0000000002750000,0x0000000002850000)]

Stack: [0x0000000002750000,0x0000000002850000]
[error occurred during error reporting (printing stack bounds), id 0xc0000005]

Native frames: (J=compiled Java code, j=interpreted, Vv=VM code, C=native code)


---------------  P R O C E S S  ---------------

Java Threads: ( => current thread )

Other Threads:

=>0x0000000002925800 (exited) JavaThread "Unknown thread" [_thread_in_vm, id=6428, stack(0x0000000002750000,0x0000000002850000)]

VM state:not at safepoint (normal execution)

VM Mutex/Monitor currently owned by a thread: None

heap address: 0x00000000fc000000, size: 64 MB, Compressed Oops mode: 32-bit
Narrow klass base: 0x0000000000000000, Narrow klass shift: 3
Compressed class space size: 1073741824 Address: 0x0000000100000000

Heap:
 PSYoungGen      total 18944K, used 327K [0x00000000feb00000, 0x0000000100000000, 0x0000000100000000)
  eden space 16384K, 2% used [0x00000000feb00000,0x00000000feb51ec8,0x00000000ffb00000)
  from space 2560K, 0% used [0x00000000ffd80000,0x00000000ffd80000,0x0000000100000000)
  to   space 2560K, 0% used [0x00000000ffb00000,0x00000000ffb00000,0x00000000ffd80000)
 ParOldGen       total 44032K, used 0K [0x00000000fc000000, 0x00000000feb00000, 0x00000000feb00000)
  object space 44032K, 0% used [0x00000000fc000000,0x00000000fc000000,0x00000000feb00000)
 Metaspace       used 778K, capacity 4480K, committed 4480K, reserved 1056768K
  class space    used 74K, capacity 384K, committed 384K, reserved 1048576K

Card table byte_map: [0x0000000000930000,0x0000000000960000] byte_map_base: 0x0000000000150000

Marking Bits: (ParMarkBitMap*) 0x0000000050be9f30
 Begin Bits: [0x0000000011fe0000, 0x00000000120e0000)
 End Bits:   [0x00000000120e0000, 0x00000000121e0000)

Polling page: 0x0000000000900000

CodeCache: size=245760Kb used=327Kb max_used=327Kb free=245432Kb
 bounds [0x0000000002a20000, 0x0000000002c90000, 0x0000000011a20000]
 total_blobs=56 nmethods=0 adapters=38
 compilation: enabled

Compilation events (0 events):
No events

GC Heap History (0 events):
No events

Deoptimization events (0 events):
No events

Classes redefined (0 events):
No events

Internal exceptions (0 events):
No events

Events (10 events):
Event: 0.036 loading class java/lang/Short
Event: 0.037 loading class java/lang/Short done
Event: 0.037 loading class java/lang/Integer
Event: 0.037 loading class java/lang/Integer done
Event: 0.037 loading class java/lang/Long
Event: 0.037 loading class java/lang/Long done
Event: 0.038 loading class java/lang/NullPointerException
Event: 0.039 loading class java/lang/NullPointerException done
Event: 0.039 loading class java/lang/ArithmeticException
Event: 0.039 loading class java/lang/ArithmeticException done


Dynamic libraries:
0x00007ff7aeb60000 - 0x00007ff7aeb91000 	D:\android\install\jre\bin\java.exe
0x00007ffb99c10000 - 0x00007ffb99e24000 	C:\WINDOWS\SYSTEM32\ntdll.dll
0x00007ffb992d0000 - 0x00007ffb99392000 	C:\WINDOWS\System32\KERNEL32.DLL
0x00007ffb972d0000 - 0x00007ffb97673000 	C:\WINDOWS\System32\KERNELBASE.dll
0x00007ffb987d0000 - 0x00007ffb9887e000 	C:\WINDOWS\System32\ADVAPI32.dll
0x00007ffb98320000 - 0x00007ffb983c7000 	C:\WINDOWS\System32\msvcrt.dll
0x00007ffb99080000 - 0x00007ffb99124000 	C:\WINDOWS\System32\sechost.dll
0x00007ffb993a0000 - 0x00007ffb994b7000 	C:\WINDOWS\System32\RPCRT4.dll
0x00007ffb98620000 - 0x00007ffb987cb000 	C:\WINDOWS\System32\USER32.dll
0x00007ffb972a0000 - 0x00007ffb972c6000 	C:\WINDOWS\System32\win32u.dll
0x00007ffb983d0000 - 0x00007ffb983f9000 	C:\WINDOWS\System32\GDI32.dll
0x00007ffb97010000 - 0x00007ffb97129000 	C:\WINDOWS\System32\gdi32full.dll
0x00007ffb97860000 - 0x00007ffb978fa000 	C:\WINDOWS\System32\msvcp_win.dll
0x00007ffb97680000 - 0x00007ffb97791000 	C:\WINDOWS\System32\ucrtbase.dll
0x00007ffb82da0000 - 0x00007ffb8302e000 	C:\WINDOWS\WinSxS\amd64_microsoft.windows.common-controls_6595b64144ccf1df_6.0.22621.1635_none_270f70857386168e\COMCTL32.dll
0x00007ffb985e0000 - 0x00007ffb98611000 	C:\WINDOWS\System32\IMM32.DLL
0x0000000050260000 - 0x0000000050332000 	D:\android\install\jre\jre\bin\msvcr100.dll
0x0000000050420000 - 0x0000000050c66000 	D:\android\install\jre\jre\bin\server\jvm.dll
0x00007ffb985d0000 - 0x00007ffb985d8000 	C:\WINDOWS\System32\PSAPI.DLL
0x00007ffb94340000 - 0x00007ffb94349000 	C:\WINDOWS\SYSTEM32\WSOCK32.dll
0x00007ffb995b0000 - 0x00007ffb99621000 	C:\WINDOWS\System32\WS2_32.dll
0x00007ffb90530000 - 0x00007ffb90564000 	C:\WINDOWS\SYSTEM32\WINMM.dll
0x00007ffb8e7a0000 - 0x00007ffb8e7aa000 	C:\WINDOWS\SYSTEM32\VERSION.dll
0x00007ffb91c70000 - 0x00007ffb91c7f000 	D:\android\install\jre\jre\bin\verify.dll
0x00007ffb85730000 - 0x00007ffb85759000 	D:\android\install\jre\jre\bin\java.dll
0x00007ffb85710000 - 0x00007ffb85726000 	D:\android\install\jre\jre\bin\zip.dll

VM Arguments:
jvm_args: -Djava.awt.headless=true -Xmx64M -Dfile.encoding=GBK -Duser.country=CN -Duser.language=zh -Duser.variant 
java_command: com.google.devtools.build.android.desugar.Desugar --input D:\android\qimo\Vegetable_app\Vegetable_app\app\build\intermediates\transforms\stackFramesFixer\debug\0.jar --output D:\android\qimo\Vegetable_app\Vegetable_app\app\build\intermediates\transforms\desugar\debug\1.jar --input D:\android\qimo\Vegetable_app\Vegetable_app\app\build\intermediates\transforms\stackFramesFixer\debug\25.jar --output D:\android\qimo\Vegetable_app\Vegetable_app\app\build\intermediates\transforms\desugar\debug\26.jar --input D:\android\qimo\Vegetable_app\Vegetable_app\app\build\intermediates\transforms\stackFramesFixer\debug\11.jar --output D:\android\qimo\Vegetable_app\Vegetable_app\app\build\intermediates\transforms\desugar\debug\12.jar --input D:\android\qimo\Vegetable_app\Vegetable_app\app\build\intermediates\transforms\stackFramesFixer\debug\20.jar --output D:\android\qimo\Vegetable_app\Vegetable_app\app\build\intermediates\transforms\desugar\debug\21.jar --input D:\android\qimo\Vegetable_app\Vegetable_app\app\build\intermediates\transforms\stackFramesFixer\debug\12.jar --output D:\android\qimo\Vegetable_app\Vegetable_app\app\build\intermediates\transforms\desugar\debug\13.jar --input D:\android\qimo\Vegetable_app\Vegetable_app\app\build\intermediates\transforms\stackFramesFixer\debug\29.jar --output D:\android\qimo\Vegetable_app\Vegetable_app\app\build\intermediates\transforms\desugar\debug\30.jar --input D:\android\qimo\Vegetable_app\Vegetable_app\app\build\intermediates\transforms\stackFramesFixer\debug\4.jar --output D:\android\qimo\Vegetable_app\Vegetable_app\app\build\intermediates\transforms\desugar\debug\5.jar --input D:\android\qimo\Vegetable_app\Vegetable_app\app\build\intermediates\transforms\stackFramesFixer\debug\15.jar --output D:\android\qimo\Vegetable_app\Vegetable_app\app\build\intermediates\transforms\desugar\debug\16.jar --input D:\android\qimo\Vegetable_app\Vegetable_app\app\build\intermediates\transforms\stackFramesFixer\debug\26.jar --output D:\a
java_class_path (initial): C:\Users\fangl\AppData\Local\Temp\desugar_deploy.jar2192435316561341566
Launcher Type: SUN_STANDARD

Environment Variables:
JAVA_HOME=C:\Program Files\Java\jdk1.8.0_261
PATH=C:\Program Files\Java\jdk1.8.0_261\bin;D:\Python37\Scripts\;D:\Python37\;C:\WINDOWS\system32;C:\WINDOWS;C:\WINDOWS\System32\Wbem;C:\WINDOWS\System32\WindowsPowerShell\v1.0\;C:\WINDOWS\System32\OpenSSH\;C:\Program Files\Java\jdk1.8.0_261\bin;C:\Users\fangl\AppData\Local\Microsoft\WindowsApps;;D:\Python37\PyCharm Community Edition 2019.3.2\bin;
USERNAME=fangl
OS=Windows_NT
PROCESSOR_IDENTIFIER=AMD64 Family 23 Model 24 Stepping 1, AuthenticAMD



---------------  S Y S T E M  ---------------

OS: Windows 10.0 , 64 bit Build 22621 (10.0.22621.1778)

CPU:total 2 (initial active 2) (2 cores per cpu, 1 threads per core) family 23 model 24 stepping 1, cmov, cx8, fxsr, mmx, sse, sse2, sse3, ssse3, sse4.1, sse4.2, popcnt, avx, avx2, aes, clmul, mmxext, 3dnowpref, lzcnt, sse4a, tsc, tscinvbit, tscinv, bmi1

Memory: 4k page, physical 6240148k(276288k free), swap 14037436k(5212k free)

vm_info: OpenJDK 64-Bit Server VM (25.202-b03) for windows-amd64 JRE (1.8.0_202-release-1483-b03), built by "builder" with MS VC++ 10.0 (VS2010)

time: Sat Jul 01 13:10:42 2023
timezone: 中国标准时间
elapsed time: 0 seconds (0d 0h 0m 0s)

